<?xml version="1.0" encoding="UTF-8"?>
<testng-results skipped="0" failed="0" ignored="0" total="1" passed="1">
  <reporter-output>
  </reporter-output>
  <suite name="Default suite" duration-ms="12607" started-at="2021-02-14T16:32:24Z" finished-at="2021-02-14T16:32:37Z">
    <groups>
    </groups>
    <test name="Default test" duration-ms="12607" started-at="2021-02-14T16:32:24Z" finished-at="2021-02-14T16:32:37Z">
      <class name="teastcases.LoginPageTest">
        <test-method status="PASS" signature="setUp()[pri:0, instance:teastcases.LoginPageTest@54c562f7]" name="setUp" is-config="true" duration-ms="3988" started-at="2021-02-14T16:32:24Z" finished-at="2021-02-14T16:32:28Z">
          <reporter-output>
          </reporter-output>
        </test-method> <!-- setUp -->
        <test-method status="PASS" signature="LoginTest()[pri:0, instance:teastcases.LoginPageTest@54c562f7]" name="LoginTest" duration-ms="7902" started-at="2021-02-14T16:32:28Z" finished-at="2021-02-14T16:32:36Z">
          <reporter-output>
          </reporter-output>
        </test-method> <!-- LoginTest -->
        <test-method status="PASS" signature="tearDown()[pri:0, instance:teastcases.LoginPageTest@54c562f7]" name="tearDown" is-config="true" duration-ms="694" started-at="2021-02-14T16:32:36Z" finished-at="2021-02-14T16:32:37Z">
          <reporter-output>
          </reporter-output>
        </test-method> <!-- tearDown -->
      </class> <!-- teastcases.LoginPageTest -->
    </test> <!-- Default test -->
  </suite> <!-- Default suite -->
</testng-results>
